[debug] ----------------------------------------------------------------------
[debug] Command:      C:\Program Files\nodejs\node.exe C:\Users\tjohnson\AppData\Roaming\npm\node_modules\firebase-tools\bin\firebase init
[debug] CLI Version:  3.4.0
[debug] Platform:     win32
[debug] Node Version: v6.9.4
[debug] Time:         Fri May 12 2017 09:25:37 GMT-0600 (Mountain Daylight Time)
[debug] ----------------------------------------------------------------------
[debug] 
[debug] > command requires scopes: ["email","openid","https://www.googleapis.com/auth/cloudplatformprojects.readonly","https://www.googleapis.com/auth/firebase"]
[info] 
     ######## #### ########  ######## ########     ###     ######  ########
     ##        ##  ##     ## ##       ##     ##  ##   ##  ##       ##
     ######    ##  ########  ######   ########  #########  ######  ######
     ##        ##  ##    ##  ##       ##     ## ##     ##       ## ##
     ##       #### ##     ## ######## ########  ##     ##  ######  ########

You're about to initialize a Firebase project in this directory:

  C:\Users\tjohnson\Desktop\tower-new

[info] 
=== Project Setup
[info] 
[info] First, let's associate this project directory with a Firebase project.
[info] You can create multiple project aliases by running firebase use --add, 
[info] but for now we'll just set up a default project.
[info] 
[debug] >>> HTTP REQUEST GET https://admin.firebase.com/v1/projects  
 Fri May 12 2017 09:25:46 GMT-0600 (Mountain Daylight Time)
[debug] <<< HTTP RESPONSE 200
[info] 
=== Hosting Setup
[info] 
[info] Your public directory is the folder (relative to your project directory) that
[info] will contain Hosting assets to be uploaded with firebase deploy. If you
[info] have a build process for your assets, use your build's output directory.
[info] 
[info] i  Skipping write of public/404.html
[info] i  Skipping write of public/index.html
[info] 
[info] i  Writing configuration info to firebase.json...
[info] i  Writing project information to .firebaserc...
[info] 
[info] +  Firebase initialization complete!
[info] 
[info] Project creation is only available from the Firebase Console
[info] Please visit https://console.firebase.google.com to create a new project, then run firebase use --add
